<!DOCTYPE html PUBLIC "-//W3C//DTD XHTML 1.1//EN" "https://www.w3.org/TR/xhtml11/DTD/xhtml11.dtd">
<html xmlns="https://www.w3.org/1999/xhtml">
<head>
<meta http-equiv="content-type" content="text/html; charset=UTF-8"/>
<title>TestNG Report</title>
<style type="text/css">table {margin-bottom:10px;border-collapse:collapse;empty-cells:show}th,td {border:1px solid #009;padding:.25em .5em}th {vertical-align:bottom}td {vertical-align:top}table a {font-weight:bold}.stripe td {background-color: #E6EBF9}.num {text-align:right}.passedodd td {background-color: #3F3}.passedeven td {background-color: #0A0}.skippedodd td {background-color: #DDD}.skippedeven td {background-color: #CCC}.failedodd td,.attn {background-color: #F33}.failedeven td,.stripe .attn {background-color: #D00}.stacktrace {white-space:pre;font-family:monospace}.totop {font-size:85%;text-align:center;border-bottom:2px solid #000}.invisible {display:none}</style>
</head>
<body>
<table>
<tr><th>Test</th><th># Passed</th><th># Skipped</th><th># Retried</th><th># Failed</th><th>Time (ms)</th><th>Included Groups</th><th>Excluded Groups</th></tr>
<tr><th colspan="8">myTestSuite</th></tr>
<tr><td><a href="#t0">myTest</a></td><td class="num">15</td><td class="num">0</td><td class="num attn">2</td><td class="num">0</td><td class="num">40,327</td><td></td><td></td></tr>
</table>
<table id='summary'><thead><tr><th>Class</th><th>Method</th><th>Start</th><th>Time (ms)</th></tr></thead><tbody><tr><th colspan="4">myTestSuite</th></tr></tbody><tbody id="t0"><tr><th colspan="4">myTest &#8212; retried</th></tr><tr class="retriedeven"><td rowspan="2">testScript.SubCategory_Test</td><td><a href="#m0">verifySearchingExistingSubcategoryFromTheList</a></td><td rowspan="2">1746518508835</td><td rowspan="2">1538</td></tr><tr class="retriedeven"><td><a href="#m1">verifySearchingExistingSubcategoryFromTheList</a></td></tr><tr><th colspan="4">myTest &#8212; passed</th></tr><tr class="passedeven"><td rowspan="1">testScript.Admin_Users</td><td><a href="#m2">verifyAddingNewUserWithValidDetails</a></td><td rowspan="1">1746518524400</td><td rowspan="1">1374</td></tr><tr class="passedodd"><td rowspan="1">testScript.Log_Out</td><td><a href="#m3">verifyLogoutFunction</a></td><td rowspan="1">1746518527142</td><td rowspan="1">725</td></tr><tr class="passedeven"><td rowspan="6">testScript.Login_Test</td><td><a href="#m4">loginUsingValidCredentials</a></td><td rowspan="1">1746518489622</td><td rowspan="1">518</td></tr><tr class="passedeven"><td><a href="#m5">loginUsingValidCredentialsFromExcelsheet</a></td><td rowspan="1">1746518491288</td><td rowspan="1">812</td></tr><tr class="passedeven"><td><a href="#m6">loginUsingValidUsernameAndInvalidPassword</a></td><td rowspan="1">1746518493262</td><td rowspan="1">285</td></tr><tr class="passedeven"><td><a href="#m7">verifyLoginWithInvalidCredentials</a></td><td rowspan="2">1746518496668</td><td rowspan="2">325</td></tr><tr class="passedeven"><td><a href="#m8">verifyLoginWithInvalidCredentials</a></td></tr><tr class="passedeven"><td><a href="#m9">verifyUserLoginWithInvalidUsernameAndValidPassword</a></td><td rowspan="1">1746518498003</td><td rowspan="1">340</td></tr><tr class="passedodd"><td rowspan="2">testScript.ManageCategory_Test</td><td><a href="#m10">verifyAddingAnewCategory</a></td><td rowspan="1">1746518519737</td><td rowspan="1">1626</td></tr><tr class="passedodd"><td><a href="#m11">verifyDeletingACategoryAdded</a></td><td rowspan="1">1746518522310</td><td rowspan="1">1102</td></tr><tr class="passedeven"><td rowspan="1">testScript.ManageContact_Test</td><td><a href="#m12">verifyEditingExistingContact</a></td><td rowspan="1">1746518516503</td><td rowspan="1">2061</td></tr><tr class="passedodd"><td rowspan="1">testScript.ManageFooterText_Test</td><td><a href="#m13">verifyUpdatingManageFooterText</a></td><td rowspan="1">1746518514076</td><td rowspan="1">1439</td></tr><tr class="passedeven"><td rowspan="3">testScript.SubCategory_Test</td><td><a href="#m14">verifyAddingNewSubcategoryWithValidDetails</a></td><td rowspan="1">1746518499326</td><td rowspan="1">1622</td></tr><tr class="passedeven"><td><a href="#m15">verifyEditingASubcategoryAdded</a></td><td rowspan="1">1746518502409</td><td rowspan="1">2474</td></tr><tr class="passedeven"><td><a href="#m16">verifySearchingExistingSubcategoryFromTheList</a></td><td rowspan="1">1746518511380</td><td rowspan="1">1530</td></tr></tbody>
</table>
<h2>myTest</h2><h3 id="m0">testScript.SubCategory_Test#verifySearchingExistingSubcategoryFromTheList</h3><table class="result"><tr><th>Exception</th></tr><tr><td><div class="stacktrace">org.openqa.selenium.StaleElementReferenceException: stale element reference: stale element not found
  (Session info: chrome=134.0.6998.88)
For documentation on this error, please visit: https://www.selenium.dev/documentation/webdriver/troubleshooting/errors#stale-element-reference-exception
Build info: version: &apos;4.29.0&apos;, revision: &apos;5fc1ec94cb&apos;
System info: os.name: &apos;Linux&apos;, os.arch: &apos;amd64&apos;, os.version: &apos;6.8.0-58-generic&apos;, java.version: &apos;17.0.14&apos;
Driver info: org.openqa.selenium.chrome.ChromeDriver
Command: [fcab0ac14c592665d641c405010a1ecf, getElementText {id=f.6BA3D2C736822BC749FADEE44BD190CF.d.B45E5184FFB3F255305F95C5ACEDF857.e.567}]
Capabilities {acceptInsecureCerts: false, browserName: chrome, browserVersion: 134.0.6998.88, chrome: {chromedriverVersion: 134.0.6998.165 (fd886e2cb29..., userDataDir: /tmp/.org.chromium.Chromium...}, fedcm:accounts: true, goog:chromeOptions: {debuggerAddress: localhost:43519}, networkConnectionEnabled: false, pageLoadStrategy: normal, platformName: linux, proxy: Proxy(), se:cdp: ws://localhost:43519/devtoo..., se:cdpVersion: 134.0.6998.88, setWindowRect: true, strictFileInteractability: false, timeouts: {implicit: 0, pageLoad: 300000, script: 30000}, unhandledPromptBehavior: dismiss and notify, webauthn:extension:credBlob: true, webauthn:extension:largeBlob: true, webauthn:extension:minPinLength: true, webauthn:extension:prf: true, webauthn:virtualAuthenticators: true}
Element: [[ChromeDriver: chrome on linux (fcab0ac14c592665d641c405010a1ecf)] -&gt; xpath: //table[@class=&apos;table table-bordered table-hover table-sm&apos;]//tbody//tr//td[1]]
Session ID: fcab0ac14c592665d641c405010a1ecf
	at org.openqa.selenium.remote.ErrorCodec.decode(ErrorCodec.java:167)
	at org.openqa.selenium.remote.codec.w3c.W3CHttpResponseCodec.decode(W3CHttpResponseCodec.java:138)
	at org.openqa.selenium.remote.codec.w3c.W3CHttpResponseCodec.decode(W3CHttpResponseCodec.java:50)
	at org.openqa.selenium.remote.HttpCommandExecutor.execute(HttpCommandExecutor.java:215)
	at org.openqa.selenium.remote.service.DriverCommandExecutor.invokeExecute(DriverCommandExecutor.java:216)
	at org.openqa.selenium.remote.service.DriverCommandExecutor.execute(DriverCommandExecutor.java:174)
	at org.openqa.selenium.remote.RemoteWebDriver.execute(RemoteWebDriver.java:545)
	at org.openqa.selenium.remote.RemoteWebElement.execute(RemoteWebElement.java:223)
	at org.openqa.selenium.remote.RemoteWebElement.getText(RemoteWebElement.java:191)
	at pages.SubCategory.verifySearchResult(SubCategory.java:123)
	at pages.SubCategory.verifySubcatergorySearchResult(SubCategory.java:141)
	at testScript.SubCategory_Test.verifySearchingExistingSubcategoryFromTheList(SubCategory_Test.java:52)
	at java.base/java.util.ArrayList.forEach(ArrayList.java:1511)
... Removed 32 stack frames</div></td></tr></table><p class="totop"><a href="#summary">back to summary</a></p>
<h3 id="m1">testScript.SubCategory_Test#verifySearchingExistingSubcategoryFromTheList</h3><table class="result"><tr><th>Exception</th></tr><tr><td><div class="stacktrace">org.openqa.selenium.StaleElementReferenceException: stale element reference: stale element not found
  (Session info: chrome=134.0.6998.88)
For documentation on this error, please visit: https://www.selenium.dev/documentation/webdriver/troubleshooting/errors#stale-element-reference-exception
Build info: version: &apos;4.29.0&apos;, revision: &apos;5fc1ec94cb&apos;
System info: os.name: &apos;Linux&apos;, os.arch: &apos;amd64&apos;, os.version: &apos;6.8.0-58-generic&apos;, java.version: &apos;17.0.14&apos;
Driver info: org.openqa.selenium.chrome.ChromeDriver
Command: [8b5980c7c9b7722e6ddb38f05d1bcbcf, getElementText {id=f.40E8632A19160965CADDCD59038C3D5A.d.A4802C0FDED5000C03AD7FE3C9F8D81B.e.509}]
Capabilities {acceptInsecureCerts: false, browserName: chrome, browserVersion: 134.0.6998.88, chrome: {chromedriverVersion: 134.0.6998.165 (fd886e2cb29..., userDataDir: /tmp/.org.chromium.Chromium...}, fedcm:accounts: true, goog:chromeOptions: {debuggerAddress: localhost:36621}, networkConnectionEnabled: false, pageLoadStrategy: normal, platformName: linux, proxy: Proxy(), se:cdp: ws://localhost:36621/devtoo..., se:cdpVersion: 134.0.6998.88, setWindowRect: true, strictFileInteractability: false, timeouts: {implicit: 0, pageLoad: 300000, script: 30000}, unhandledPromptBehavior: dismiss and notify, webauthn:extension:credBlob: true, webauthn:extension:largeBlob: true, webauthn:extension:minPinLength: true, webauthn:extension:prf: true, webauthn:virtualAuthenticators: true}
Element: [[ChromeDriver: chrome on linux (8b5980c7c9b7722e6ddb38f05d1bcbcf)] -&gt; xpath: //table[@class=&apos;table table-bordered table-hover table-sm&apos;]//tbody//tr//td[1]]
Session ID: 8b5980c7c9b7722e6ddb38f05d1bcbcf
	at org.openqa.selenium.remote.ErrorCodec.decode(ErrorCodec.java:167)
	at org.openqa.selenium.remote.codec.w3c.W3CHttpResponseCodec.decode(W3CHttpResponseCodec.java:138)
	at org.openqa.selenium.remote.codec.w3c.W3CHttpResponseCodec.decode(W3CHttpResponseCodec.java:50)
	at org.openqa.selenium.remote.HttpCommandExecutor.execute(HttpCommandExecutor.java:215)
	at org.openqa.selenium.remote.service.DriverCommandExecutor.invokeExecute(DriverCommandExecutor.java:216)
	at org.openqa.selenium.remote.service.DriverCommandExecutor.execute(DriverCommandExecutor.java:174)
	at org.openqa.selenium.remote.RemoteWebDriver.execute(RemoteWebDriver.java:545)
	at org.openqa.selenium.remote.RemoteWebElement.execute(RemoteWebElement.java:223)
	at org.openqa.selenium.remote.RemoteWebElement.getText(RemoteWebElement.java:191)
	at pages.SubCategory.verifySearchResult(SubCategory.java:123)
	at pages.SubCategory.verifySubcatergorySearchResult(SubCategory.java:141)
	at testScript.SubCategory_Test.verifySearchingExistingSubcategoryFromTheList(SubCategory_Test.java:52)
	at java.base/java.util.ArrayList.forEach(ArrayList.java:1511)
... Removed 32 stack frames</div></td></tr></table><p class="totop"><a href="#summary">back to summary</a></p>
<h3 id="m2">testScript.Admin_Users#verifyAddingNewUserWithValidDetails</h3><table class="result"><tr><th class="invisible"/></tr></table><p class="totop"><a href="#summary">back to summary</a></p>
<h3 id="m3">testScript.Log_Out#verifyLogoutFunction</h3><table class="result"><tr><th class="invisible"/></tr></table><p class="totop"><a href="#summary">back to summary</a></p>
<h3 id="m4">testScript.Login_Test#loginUsingValidCredentials</h3><table class="result"><tr><th class="invisible"/></tr></table><p class="totop"><a href="#summary">back to summary</a></p>
<h3 id="m5">testScript.Login_Test#loginUsingValidCredentialsFromExcelsheet</h3><table class="result"><tr><th class="invisible"/></tr></table><p class="totop"><a href="#summary">back to summary</a></p>
<h3 id="m6">testScript.Login_Test#loginUsingValidUsernameAndInvalidPassword</h3><table class="result"><tr><th class="invisible"/></tr></table><p class="totop"><a href="#summary">back to summary</a></p>
<h3 id="m7">testScript.Login_Test#verifyLoginWithInvalidCredentials</h3><table class="result"><tr class="param"><th>Parameter #1</th><th>Parameter #2</th></tr><tr class="param stripe"><td>testuser</td><td>testpassword</td></tr></table><p class="totop"><a href="#summary">back to summary</a></p>
<h3 id="m8">testScript.Login_Test#verifyLoginWithInvalidCredentials</h3><table class="result"><tr class="param"><th>Parameter #1</th><th>Parameter #2</th></tr><tr class="param stripe"><td>adim123</td><td>admintest</td></tr></table><p class="totop"><a href="#summary">back to summary</a></p>
<h3 id="m9">testScript.Login_Test#verifyUserLoginWithInvalidUsernameAndValidPassword</h3><table class="result"><tr><th class="invisible"/></tr></table><p class="totop"><a href="#summary">back to summary</a></p>
<h3 id="m10">testScript.ManageCategory_Test#verifyAddingAnewCategory</h3><table class="result"><tr><th class="invisible"/></tr></table><p class="totop"><a href="#summary">back to summary</a></p>
<h3 id="m11">testScript.ManageCategory_Test#verifyDeletingACategoryAdded</h3><table class="result"><tr><th class="invisible"/></tr></table><p class="totop"><a href="#summary">back to summary</a></p>
<h3 id="m12">testScript.ManageContact_Test#verifyEditingExistingContact</h3><table class="result"><tr><th class="invisible"/></tr></table><p class="totop"><a href="#summary">back to summary</a></p>
<h3 id="m13">testScript.ManageFooterText_Test#verifyUpdatingManageFooterText</h3><table class="result"><tr><th class="invisible"/></tr></table><p class="totop"><a href="#summary">back to summary</a></p>
<h3 id="m14">testScript.SubCategory_Test#verifyAddingNewSubcategoryWithValidDetails</h3><table class="result"><tr><th class="invisible"/></tr></table><p class="totop"><a href="#summary">back to summary</a></p>
<h3 id="m15">testScript.SubCategory_Test#verifyEditingASubcategoryAdded</h3><table class="result"><tr><th class="invisible"/></tr></table><p class="totop"><a href="#summary">back to summary</a></p>
<h3 id="m16">testScript.SubCategory_Test#verifySearchingExistingSubcategoryFromTheList</h3><table class="result"><tr><th class="invisible"/></tr></table><p class="totop"><a href="#summary">back to summary</a></p>
</body>
</html>
