<?xml version="1.0" encoding="UTF-8"?>
<testng-results retried="2" ignored="0" total="17" passed="15" failed="0" skipped="0">
  <reporter-output>
  </reporter-output>
  <suite started-at="2025-05-06T13:31:27 IST" name="myTestSuite" finished-at="2025-05-06T13:32:07 IST" duration-ms="40327">
    <groups>
      <group name="smoke">
        <method signature="Login_Test.loginUsingValidCredentials()[pri:0, instance:testScript.Login_Test@5ddeb7cb]" name="loginUsingValidCredentials" class="testScript.Login_Test"/>
        <method signature="Login_Test.loginUsingValidCredentialsFromExcelsheet()[pri:0, instance:testScript.Login_Test@5ddeb7cb]" name="loginUsingValidCredentialsFromExcelsheet" class="testScript.Login_Test"/>
        <method signature="ManageCategory_Test.verifyAddingAnewCategory()[pri:0, instance:testScript.ManageCategory_Test@70cf32e3]" name="verifyAddingAnewCategory" class="testScript.ManageCategory_Test"/>
      </group> <!-- smoke -->
    </groups>
    <test started-at="2025-05-06T13:31:27 IST" name="myTest" finished-at="2025-05-06T13:32:07 IST" duration-ms="40327">
      <class name="testScript.Log_Out">
        <test-method is-config="true" signature="initializeBrowserMethod(java.lang.String)[pri:0, instance:testScript.Log_Out@4bdeaabb]" started-at="2025-05-06T13:32:05 IST" name="initializeBrowserMethod" finished-at="2025-05-06T13:32:07 IST" duration-ms="1296" status="PASS">
          <params>
            <param index="0">
              <value>
                <![CDATA[Chrome]]>
              </value>
            </param>
          </params>
          <reporter-output>
          </reporter-output>
        </test-method> <!-- initializeBrowserMethod -->
        <test-method signature="verifyLogoutFunction()[pri:0, instance:testScript.Log_Out@4bdeaabb]" started-at="2025-05-06T13:32:07 IST" name="verifyLogoutFunction" finished-at="2025-05-06T13:32:07 IST" duration-ms="725" status="PASS">
          <reporter-output>
          </reporter-output>
        </test-method> <!-- verifyLogoutFunction -->
        <test-method is-config="true" signature="driverQuitMethod(org.testng.ITestResult)[pri:0, instance:testScript.Log_Out@4bdeaabb]" started-at="2025-05-06T13:32:07 IST" name="driverQuitMethod" finished-at="2025-05-06T13:32:07 IST" duration-ms="73" status="PASS">
          <params>
            <param index="0">
              <value>
                <![CDATA[[TestResult name=verifyLogoutFunction status=SUCCESS method=Log_Out.verifyLogoutFunction()[pri:0, instance:testScript.Log_Out@4bdeaabb] output={null}]]]>
              </value>
            </param>
          </params>
          <reporter-output>
          </reporter-output>
        </test-method> <!-- driverQuitMethod -->
      </class> <!-- testScript.Log_Out -->
      <class name="testScript.Login_Test">
        <test-method is-config="true" signature="initializeBrowserMethod(java.lang.String)[pri:0, instance:testScript.Login_Test@5ddeb7cb]" started-at="2025-05-06T13:31:27 IST" name="initializeBrowserMethod" finished-at="2025-05-06T13:31:29 IST" duration-ms="1976" status="PASS">
          <params>
            <param index="0">
              <value>
                <![CDATA[Chrome]]>
              </value>
            </param>
          </params>
          <reporter-output>
          </reporter-output>
        </test-method> <!-- initializeBrowserMethod -->
        <test-method signature="loginUsingValidCredentials()[pri:0, instance:testScript.Login_Test@5ddeb7cb]" started-at="2025-05-06T13:31:29 IST" name="loginUsingValidCredentials" finished-at="2025-05-06T13:31:30 IST" duration-ms="518" status="PASS">
          <reporter-output>
          </reporter-output>
        </test-method> <!-- loginUsingValidCredentials -->
        <test-method is-config="true" signature="driverQuitMethod(org.testng.ITestResult)[pri:0, instance:testScript.Login_Test@5ddeb7cb]" started-at="2025-05-06T13:31:30 IST" name="driverQuitMethod" finished-at="2025-05-06T13:31:30 IST" duration-ms="80" status="PASS">
          <params>
            <param index="0">
              <value>
                <![CDATA[[TestResult name=loginUsingValidCredentials status=SUCCESS method=Login_Test.loginUsingValidCredentials()[pri:0, instance:testScript.Login_Test@5ddeb7cb] output={null}]]]>
              </value>
            </param>
          </params>
          <reporter-output>
          </reporter-output>
        </test-method> <!-- driverQuitMethod -->
        <test-method is-config="true" signature="initializeBrowserMethod(java.lang.String)[pri:0, instance:testScript.Login_Test@5ddeb7cb]" started-at="2025-05-06T13:31:30 IST" name="initializeBrowserMethod" finished-at="2025-05-06T13:31:31 IST" duration-ms="1036" status="PASS">
          <params>
            <param index="0">
              <value>
                <![CDATA[Chrome]]>
              </value>
            </param>
          </params>
          <reporter-output>
          </reporter-output>
        </test-method> <!-- initializeBrowserMethod -->
        <test-method signature="loginUsingValidCredentialsFromExcelsheet()[pri:0, instance:testScript.Login_Test@5ddeb7cb]" started-at="2025-05-06T13:31:31 IST" name="loginUsingValidCredentialsFromExcelsheet" finished-at="2025-05-06T13:31:32 IST" duration-ms="812" status="PASS">
          <reporter-output>
          </reporter-output>
        </test-method> <!-- loginUsingValidCredentialsFromExcelsheet -->
        <test-method is-config="true" signature="driverQuitMethod(org.testng.ITestResult)[pri:0, instance:testScript.Login_Test@5ddeb7cb]" started-at="2025-05-06T13:31:32 IST" name="driverQuitMethod" finished-at="2025-05-06T13:31:32 IST" duration-ms="73" status="PASS">
          <params>
            <param index="0">
              <value>
                <![CDATA[[TestResult name=loginUsingValidCredentialsFromExcelsheet status=SUCCESS method=Login_Test.loginUsingValidCredentialsFromExcelsheet()[pri:0, instance:testScript.Login_Test@5ddeb7cb] output={null}]]]>
              </value>
            </param>
          </params>
          <reporter-output>
          </reporter-output>
        </test-method> <!-- driverQuitMethod -->
        <test-method is-config="true" signature="initializeBrowserMethod(java.lang.String)[pri:0, instance:testScript.Login_Test@5ddeb7cb]" started-at="2025-05-06T13:31:32 IST" name="initializeBrowserMethod" finished-at="2025-05-06T13:31:33 IST" duration-ms="1086" status="PASS">
          <params>
            <param index="0">
              <value>
                <![CDATA[Chrome]]>
              </value>
            </param>
          </params>
          <reporter-output>
          </reporter-output>
        </test-method> <!-- initializeBrowserMethod -->
        <test-method signature="loginUsingValidUsernameAndInvalidPassword()[pri:0, instance:testScript.Login_Test@5ddeb7cb]" started-at="2025-05-06T13:31:33 IST" name="loginUsingValidUsernameAndInvalidPassword" finished-at="2025-05-06T13:31:33 IST" duration-ms="285" status="PASS">
          <reporter-output>
          </reporter-output>
        </test-method> <!-- loginUsingValidUsernameAndInvalidPassword -->
        <test-method is-config="true" signature="driverQuitMethod(org.testng.ITestResult)[pri:0, instance:testScript.Login_Test@5ddeb7cb]" started-at="2025-05-06T13:31:33 IST" name="driverQuitMethod" finished-at="2025-05-06T13:31:33 IST" duration-ms="76" status="PASS">
          <params>
            <param index="0">
              <value>
                <![CDATA[[TestResult name=loginUsingValidUsernameAndInvalidPassword status=SUCCESS method=Login_Test.loginUsingValidUsernameAndInvalidPassword()[pri:0, instance:testScript.Login_Test@5ddeb7cb] output={null}]]]>
              </value>
            </param>
          </params>
          <reporter-output>
          </reporter-output>
        </test-method> <!-- driverQuitMethod -->
        <test-method is-config="true" signature="initializeBrowserMethod(java.lang.String)[pri:0, instance:testScript.Login_Test@5ddeb7cb]" started-at="2025-05-06T13:31:33 IST" name="initializeBrowserMethod" finished-at="2025-05-06T13:31:34 IST" duration-ms="1183" status="PASS">
          <params>
            <param index="0">
              <value>
                <![CDATA[Chrome]]>
              </value>
            </param>
          </params>
          <reporter-output>
          </reporter-output>
        </test-method> <!-- initializeBrowserMethod -->
        <test-method signature="verifyLoginWithInvalidCredentials(java.lang.String,java.lang.String)[pri:0, instance:testScript.Login_Test@5ddeb7cb]" started-at="2025-05-06T13:31:34 IST" name="verifyLoginWithInvalidCredentials" data-provider="invalidCredetials" finished-at="2025-05-06T13:31:35 IST" duration-ms="356" status="PASS">
          <params>
            <param index="0">
              <value>
                <![CDATA[adim123]]>
              </value>
            </param>
            <param index="1">
              <value>
                <![CDATA[admintest]]>
              </value>
            </param>
          </params>
          <reporter-output>
          </reporter-output>
        </test-method> <!-- verifyLoginWithInvalidCredentials -->
        <test-method is-config="true" signature="driverQuitMethod(org.testng.ITestResult)[pri:0, instance:testScript.Login_Test@5ddeb7cb]" started-at="2025-05-06T13:31:35 IST" name="driverQuitMethod" finished-at="2025-05-06T13:31:35 IST" duration-ms="72" status="PASS">
          <params>
            <param index="0">
              <value>
                <![CDATA[[TestResult name=verifyLoginWithInvalidCredentials status=SUCCESS method=Login_Test.verifyLoginWithInvalidCredentials(java.lang.String,java.lang.String)[pri:0, instance:testScript.Login_Test@5ddeb7cb] output={null}]]]>
              </value>
            </param>
          </params>
          <reporter-output>
          </reporter-output>
        </test-method> <!-- driverQuitMethod -->
        <test-method is-config="true" signature="initializeBrowserMethod(java.lang.String)[pri:0, instance:testScript.Login_Test@5ddeb7cb]" started-at="2025-05-06T13:31:35 IST" name="initializeBrowserMethod" finished-at="2025-05-06T13:31:36 IST" duration-ms="1427" status="PASS">
          <params>
            <param index="0">
              <value>
                <![CDATA[Chrome]]>
              </value>
            </param>
          </params>
          <reporter-output>
          </reporter-output>
        </test-method> <!-- initializeBrowserMethod -->
        <test-method signature="verifyLoginWithInvalidCredentials(java.lang.String,java.lang.String)[pri:0, instance:testScript.Login_Test@5ddeb7cb]" started-at="2025-05-06T13:31:36 IST" name="verifyLoginWithInvalidCredentials" data-provider="invalidCredetials" finished-at="2025-05-06T13:31:36 IST" duration-ms="325" status="PASS">
          <params>
            <param index="0">
              <value>
                <![CDATA[testuser]]>
              </value>
            </param>
            <param index="1">
              <value>
                <![CDATA[testpassword]]>
              </value>
            </param>
          </params>
          <reporter-output>
          </reporter-output>
        </test-method> <!-- verifyLoginWithInvalidCredentials -->
        <test-method is-config="true" signature="driverQuitMethod(org.testng.ITestResult)[pri:0, instance:testScript.Login_Test@5ddeb7cb]" started-at="2025-05-06T13:31:36 IST" name="driverQuitMethod" finished-at="2025-05-06T13:31:37 IST" duration-ms="74" status="PASS">
          <params>
            <param index="0">
              <value>
                <![CDATA[[TestResult name=verifyLoginWithInvalidCredentials status=SUCCESS method=Login_Test.verifyLoginWithInvalidCredentials(java.lang.String,java.lang.String)[pri:0, instance:testScript.Login_Test@5ddeb7cb] output={null}]]]>
              </value>
            </param>
          </params>
          <reporter-output>
          </reporter-output>
        </test-method> <!-- driverQuitMethod -->
        <test-method is-config="true" signature="initializeBrowserMethod(java.lang.String)[pri:0, instance:testScript.Login_Test@5ddeb7cb]" started-at="2025-05-06T13:31:37 IST" name="initializeBrowserMethod" finished-at="2025-05-06T13:31:38 IST" duration-ms="934" status="PASS">
          <params>
            <param index="0">
              <value>
                <![CDATA[Chrome]]>
              </value>
            </param>
          </params>
          <reporter-output>
          </reporter-output>
        </test-method> <!-- initializeBrowserMethod -->
        <test-method signature="verifyUserLoginWithInvalidUsernameAndValidPassword()[pri:0, instance:testScript.Login_Test@5ddeb7cb]" started-at="2025-05-06T13:31:38 IST" name="verifyUserLoginWithInvalidUsernameAndValidPassword" finished-at="2025-05-06T13:31:38 IST" duration-ms="340" status="PASS">
          <reporter-output>
          </reporter-output>
        </test-method> <!-- verifyUserLoginWithInvalidUsernameAndValidPassword -->
        <test-method is-config="true" signature="driverQuitMethod(org.testng.ITestResult)[pri:0, instance:testScript.Login_Test@5ddeb7cb]" started-at="2025-05-06T13:31:38 IST" name="driverQuitMethod" finished-at="2025-05-06T13:31:38 IST" duration-ms="74" status="PASS">
          <params>
            <param index="0">
              <value>
                <![CDATA[[TestResult name=verifyUserLoginWithInvalidUsernameAndValidPassword status=SUCCESS method=Login_Test.verifyUserLoginWithInvalidUsernameAndValidPassword()[pri:0, instance:testScript.Login_Test@5ddeb7cb] output={null}]]]>
              </value>
            </param>
          </params>
          <reporter-output>
          </reporter-output>
        </test-method> <!-- driverQuitMethod -->
      </class> <!-- testScript.Login_Test -->
      <class name="testScript.ManageContact_Test">
        <test-method is-config="true" signature="initializeBrowserMethod(java.lang.String)[pri:0, instance:testScript.ManageContact_Test@66982506]" started-at="2025-05-06T13:31:55 IST" name="initializeBrowserMethod" finished-at="2025-05-06T13:31:56 IST" duration-ms="913" status="PASS">
          <params>
            <param index="0">
              <value>
                <![CDATA[Chrome]]>
              </value>
            </param>
          </params>
          <reporter-output>
          </reporter-output>
        </test-method> <!-- initializeBrowserMethod -->
        <test-method signature="verifyEditingExistingContact()[pri:0, instance:testScript.ManageContact_Test@66982506]" started-at="2025-05-06T13:31:56 IST" name="verifyEditingExistingContact" finished-at="2025-05-06T13:31:58 IST" duration-ms="2061" status="PASS">
          <reporter-output>
          </reporter-output>
        </test-method> <!-- verifyEditingExistingContact -->
        <test-method is-config="true" signature="driverQuitMethod(org.testng.ITestResult)[pri:0, instance:testScript.ManageContact_Test@66982506]" started-at="2025-05-06T13:31:58 IST" name="driverQuitMethod" finished-at="2025-05-06T13:31:58 IST" duration-ms="72" status="PASS">
          <params>
            <param index="0">
              <value>
                <![CDATA[[TestResult name=verifyEditingExistingContact status=SUCCESS method=ManageContact_Test.verifyEditingExistingContact()[pri:0, instance:testScript.ManageContact_Test@66982506] output={null}]]]>
              </value>
            </param>
          </params>
          <reporter-output>
          </reporter-output>
        </test-method> <!-- driverQuitMethod -->
      </class> <!-- testScript.ManageContact_Test -->
      <class name="testScript.ManageCategory_Test">
        <test-method is-config="true" signature="initializeBrowserMethod(java.lang.String)[pri:0, instance:testScript.ManageCategory_Test@70cf32e3]" started-at="2025-05-06T13:31:58 IST" name="initializeBrowserMethod" finished-at="2025-05-06T13:31:59 IST" duration-ms="1098" status="PASS">
          <params>
            <param index="0">
              <value>
                <![CDATA[Chrome]]>
              </value>
            </param>
          </params>
          <reporter-output>
          </reporter-output>
        </test-method> <!-- initializeBrowserMethod -->
        <test-method signature="verifyAddingAnewCategory()[pri:0, instance:testScript.ManageCategory_Test@70cf32e3]" started-at="2025-05-06T13:31:59 IST" name="verifyAddingAnewCategory" finished-at="2025-05-06T13:32:01 IST" duration-ms="1626" status="PASS">
          <reporter-output>
          </reporter-output>
        </test-method> <!-- verifyAddingAnewCategory -->
        <test-method is-config="true" signature="driverQuitMethod(org.testng.ITestResult)[pri:0, instance:testScript.ManageCategory_Test@70cf32e3]" started-at="2025-05-06T13:32:01 IST" name="driverQuitMethod" finished-at="2025-05-06T13:32:01 IST" duration-ms="72" status="PASS">
          <params>
            <param index="0">
              <value>
                <![CDATA[[TestResult name=verifyAddingAnewCategory status=SUCCESS method=ManageCategory_Test.verifyAddingAnewCategory()[pri:0, instance:testScript.ManageCategory_Test@70cf32e3] output={null}]]]>
              </value>
            </param>
          </params>
          <reporter-output>
          </reporter-output>
        </test-method> <!-- driverQuitMethod -->
        <test-method is-config="true" signature="initializeBrowserMethod(java.lang.String)[pri:0, instance:testScript.ManageCategory_Test@70cf32e3]" started-at="2025-05-06T13:32:01 IST" name="initializeBrowserMethod" finished-at="2025-05-06T13:32:02 IST" duration-ms="873" status="PASS">
          <params>
            <param index="0">
              <value>
                <![CDATA[Chrome]]>
              </value>
            </param>
          </params>
          <reporter-output>
          </reporter-output>
        </test-method> <!-- initializeBrowserMethod -->
        <test-method signature="verifyDeletingACategoryAdded()[pri:0, instance:testScript.ManageCategory_Test@70cf32e3]" started-at="2025-05-06T13:32:02 IST" name="verifyDeletingACategoryAdded" finished-at="2025-05-06T13:32:03 IST" duration-ms="1102" status="PASS">
          <reporter-output>
          </reporter-output>
        </test-method> <!-- verifyDeletingACategoryAdded -->
        <test-method is-config="true" signature="driverQuitMethod(org.testng.ITestResult)[pri:0, instance:testScript.ManageCategory_Test@70cf32e3]" started-at="2025-05-06T13:32:03 IST" name="driverQuitMethod" finished-at="2025-05-06T13:32:03 IST" duration-ms="73" status="PASS">
          <params>
            <param index="0">
              <value>
                <![CDATA[[TestResult name=verifyDeletingACategoryAdded status=SUCCESS method=ManageCategory_Test.verifyDeletingACategoryAdded()[pri:0, instance:testScript.ManageCategory_Test@70cf32e3] output={null}]]]>
              </value>
            </param>
          </params>
          <reporter-output>
          </reporter-output>
        </test-method> <!-- driverQuitMethod -->
      </class> <!-- testScript.ManageCategory_Test -->
      <class name="testScript.ManageFooterText_Test">
        <test-method is-config="true" signature="initializeBrowserMethod(java.lang.String)[pri:0, instance:testScript.ManageFooterText_Test@72bc6553]" started-at="2025-05-06T13:31:52 IST" name="initializeBrowserMethod" finished-at="2025-05-06T13:31:54 IST" duration-ms="1091" status="PASS">
          <params>
            <param index="0">
              <value>
                <![CDATA[Chrome]]>
              </value>
            </param>
          </params>
          <reporter-output>
          </reporter-output>
        </test-method> <!-- initializeBrowserMethod -->
        <test-method signature="verifyUpdatingManageFooterText()[pri:0, instance:testScript.ManageFooterText_Test@72bc6553]" started-at="2025-05-06T13:31:54 IST" name="verifyUpdatingManageFooterText" finished-at="2025-05-06T13:31:55 IST" duration-ms="1439" status="PASS">
          <reporter-output>
          </reporter-output>
        </test-method> <!-- verifyUpdatingManageFooterText -->
        <test-method is-config="true" signature="driverQuitMethod(org.testng.ITestResult)[pri:0, instance:testScript.ManageFooterText_Test@72bc6553]" started-at="2025-05-06T13:31:55 IST" name="driverQuitMethod" finished-at="2025-05-06T13:31:55 IST" duration-ms="73" status="PASS">
          <params>
            <param index="0">
              <value>
                <![CDATA[[TestResult name=verifyUpdatingManageFooterText status=SUCCESS method=ManageFooterText_Test.verifyUpdatingManageFooterText()[pri:0, instance:testScript.ManageFooterText_Test@72bc6553] output={null}]]]>
              </value>
            </param>
          </params>
          <reporter-output>
          </reporter-output>
        </test-method> <!-- driverQuitMethod -->
      </class> <!-- testScript.ManageFooterText_Test -->
      <class name="testScript.SubCategory_Test">
        <test-method is-config="true" signature="initializeBrowserMethod(java.lang.String)[pri:0, instance:testScript.SubCategory_Test@536f2a7e]" started-at="2025-05-06T13:31:38 IST" name="initializeBrowserMethod" finished-at="2025-05-06T13:31:39 IST" duration-ms="905" status="PASS">
          <params>
            <param index="0">
              <value>
                <![CDATA[Chrome]]>
              </value>
            </param>
          </params>
          <reporter-output>
          </reporter-output>
        </test-method> <!-- initializeBrowserMethod -->
        <test-method signature="verifyAddingNewSubcategoryWithValidDetails()[pri:0, instance:testScript.SubCategory_Test@536f2a7e]" started-at="2025-05-06T13:31:39 IST" name="verifyAddingNewSubcategoryWithValidDetails" finished-at="2025-05-06T13:31:40 IST" duration-ms="1622" status="PASS">
          <reporter-output>
          </reporter-output>
        </test-method> <!-- verifyAddingNewSubcategoryWithValidDetails -->
        <test-method is-config="true" signature="driverQuitMethod(org.testng.ITestResult)[pri:0, instance:testScript.SubCategory_Test@536f2a7e]" started-at="2025-05-06T13:31:40 IST" name="driverQuitMethod" finished-at="2025-05-06T13:31:41 IST" duration-ms="72" status="PASS">
          <params>
            <param index="0">
              <value>
                <![CDATA[[TestResult name=verifyAddingNewSubcategoryWithValidDetails status=SUCCESS method=SubCategory_Test.verifyAddingNewSubcategoryWithValidDetails()[pri:0, instance:testScript.SubCategory_Test@536f2a7e] output={null}]]]>
              </value>
            </param>
          </params>
          <reporter-output>
          </reporter-output>
        </test-method> <!-- driverQuitMethod -->
        <test-method is-config="true" signature="initializeBrowserMethod(java.lang.String)[pri:0, instance:testScript.SubCategory_Test@536f2a7e]" started-at="2025-05-06T13:31:41 IST" name="initializeBrowserMethod" finished-at="2025-05-06T13:31:42 IST" duration-ms="1385" status="PASS">
          <params>
            <param index="0">
              <value>
                <![CDATA[Chrome]]>
              </value>
            </param>
          </params>
          <reporter-output>
          </reporter-output>
        </test-method> <!-- initializeBrowserMethod -->
        <test-method signature="verifyEditingASubcategoryAdded()[pri:0, instance:testScript.SubCategory_Test@536f2a7e]" started-at="2025-05-06T13:31:42 IST" name="verifyEditingASubcategoryAdded" finished-at="2025-05-06T13:31:44 IST" duration-ms="2474" status="PASS">
          <reporter-output>
          </reporter-output>
        </test-method> <!-- verifyEditingASubcategoryAdded -->
        <test-method is-config="true" signature="driverQuitMethod(org.testng.ITestResult)[pri:0, instance:testScript.SubCategory_Test@536f2a7e]" started-at="2025-05-06T13:31:44 IST" name="driverQuitMethod" finished-at="2025-05-06T13:31:44 IST" duration-ms="74" status="PASS">
          <params>
            <param index="0">
              <value>
                <![CDATA[[TestResult name=verifyEditingASubcategoryAdded status=SUCCESS method=SubCategory_Test.verifyEditingASubcategoryAdded()[pri:0, instance:testScript.SubCategory_Test@536f2a7e] output={null}]]]>
              </value>
            </param>
          </params>
          <reporter-output>
          </reporter-output>
        </test-method> <!-- driverQuitMethod -->
        <test-method is-config="true" signature="initializeBrowserMethod(java.lang.String)[pri:0, instance:testScript.SubCategory_Test@536f2a7e]" started-at="2025-05-06T13:31:44 IST" name="initializeBrowserMethod" finished-at="2025-05-06T13:31:46 IST" duration-ms="1203" status="PASS">
          <params>
            <param index="0">
              <value>
                <![CDATA[Chrome]]>
              </value>
            </param>
          </params>
          <reporter-output>
          </reporter-output>
        </test-method> <!-- initializeBrowserMethod -->
        <test-method retried="true" signature="verifySearchingExistingSubcategoryFromTheList()[pri:0, instance:testScript.SubCategory_Test@536f2a7e]" started-at="2025-05-06T13:31:46 IST" name="verifySearchingExistingSubcategoryFromTheList" finished-at="2025-05-06T13:31:47 IST" duration-ms="1566" status="SKIP">
          <exception class="org.openqa.selenium.StaleElementReferenceException">
            <message>
              <![CDATA[stale element reference: stale element not found
  (Session info: chrome=134.0.6998.88)
For documentation on this error, please visit: https://www.selenium.dev/documentation/webdriver/troubleshooting/errors#stale-element-reference-exception
Build info: version: '4.29.0', revision: '5fc1ec94cb'
System info: os.name: 'Linux', os.arch: 'amd64', os.version: '6.8.0-58-generic', java.version: '17.0.14'
Driver info: org.openqa.selenium.chrome.ChromeDriver
Command: [8b5980c7c9b7722e6ddb38f05d1bcbcf, getElementText {id=f.40E8632A19160965CADDCD59038C3D5A.d.A4802C0FDED5000C03AD7FE3C9F8D81B.e.509}]
Capabilities {acceptInsecureCerts: false, browserName: chrome, browserVersion: 134.0.6998.88, chrome: {chromedriverVersion: 134.0.6998.165 (fd886e2cb29..., userDataDir: /tmp/.org.chromium.Chromium...}, fedcm:accounts: true, goog:chromeOptions: {debuggerAddress: localhost:36621}, networkConnectionEnabled: false, pageLoadStrategy: normal, platformName: linux, proxy: Proxy(), se:cdp: ws://localhost:36621/devtoo..., se:cdpVersion: 134.0.6998.88, setWindowRect: true, strictFileInteractability: false, timeouts: {implicit: 0, pageLoad: 300000, script: 30000}, unhandledPromptBehavior: dismiss and notify, webauthn:extension:credBlob: true, webauthn:extension:largeBlob: true, webauthn:extension:minPinLength: true, webauthn:extension:prf: true, webauthn:virtualAuthenticators: true}
Element: [[ChromeDriver: chrome on linux (8b5980c7c9b7722e6ddb38f05d1bcbcf)] -> xpath: //table[@class='table table-bordered table-hover table-sm']//tbody//tr//td[1]]
Session ID: 8b5980c7c9b7722e6ddb38f05d1bcbcf]]>
            </message>
            <full-stacktrace>
              <![CDATA[org.openqa.selenium.StaleElementReferenceException: stale element reference: stale element not found
  (Session info: chrome=134.0.6998.88)
For documentation on this error, please visit: https://www.selenium.dev/documentation/webdriver/troubleshooting/errors#stale-element-reference-exception
Build info: version: '4.29.0', revision: '5fc1ec94cb'
System info: os.name: 'Linux', os.arch: 'amd64', os.version: '6.8.0-58-generic', java.version: '17.0.14'
Driver info: org.openqa.selenium.chrome.ChromeDriver
Command: [8b5980c7c9b7722e6ddb38f05d1bcbcf, getElementText {id=f.40E8632A19160965CADDCD59038C3D5A.d.A4802C0FDED5000C03AD7FE3C9F8D81B.e.509}]
Capabilities {acceptInsecureCerts: false, browserName: chrome, browserVersion: 134.0.6998.88, chrome: {chromedriverVersion: 134.0.6998.165 (fd886e2cb29..., userDataDir: /tmp/.org.chromium.Chromium...}, fedcm:accounts: true, goog:chromeOptions: {debuggerAddress: localhost:36621}, networkConnectionEnabled: false, pageLoadStrategy: normal, platformName: linux, proxy: Proxy(), se:cdp: ws://localhost:36621/devtoo..., se:cdpVersion: 134.0.6998.88, setWindowRect: true, strictFileInteractability: false, timeouts: {implicit: 0, pageLoad: 300000, script: 30000}, unhandledPromptBehavior: dismiss and notify, webauthn:extension:credBlob: true, webauthn:extension:largeBlob: true, webauthn:extension:minPinLength: true, webauthn:extension:prf: true, webauthn:virtualAuthenticators: true}
Element: [[ChromeDriver: chrome on linux (8b5980c7c9b7722e6ddb38f05d1bcbcf)] -> xpath: //table[@class='table table-bordered table-hover table-sm']//tbody//tr//td[1]]
Session ID: 8b5980c7c9b7722e6ddb38f05d1bcbcf
at java.base/jdk.internal.reflect.NativeConstructorAccessorImpl.newInstance0(Native Method)
at java.base/jdk.internal.reflect.NativeConstructorAccessorImpl.newInstance(NativeConstructorAccessorImpl.java:77)
at java.base/jdk.internal.reflect.DelegatingConstructorAccessorImpl.newInstance(DelegatingConstructorAccessorImpl.java:45)
at java.base/java.lang.reflect.Constructor.newInstanceWithCaller(Constructor.java:500)
at java.base/java.lang.reflect.Constructor.newInstance(Constructor.java:481)
at org.openqa.selenium.remote.ErrorCodec.decode(ErrorCodec.java:167)
at org.openqa.selenium.remote.codec.w3c.W3CHttpResponseCodec.decode(W3CHttpResponseCodec.java:138)
at org.openqa.selenium.remote.codec.w3c.W3CHttpResponseCodec.decode(W3CHttpResponseCodec.java:50)
at org.openqa.selenium.remote.HttpCommandExecutor.execute(HttpCommandExecutor.java:215)
at org.openqa.selenium.remote.service.DriverCommandExecutor.invokeExecute(DriverCommandExecutor.java:216)
at org.openqa.selenium.remote.service.DriverCommandExecutor.execute(DriverCommandExecutor.java:174)
at org.openqa.selenium.remote.RemoteWebDriver.execute(RemoteWebDriver.java:545)
at org.openqa.selenium.remote.RemoteWebElement.execute(RemoteWebElement.java:223)
at org.openqa.selenium.remote.RemoteWebElement.getText(RemoteWebElement.java:191)
at pages.SubCategory.verifySearchResult(SubCategory.java:123)
at pages.SubCategory.verifySubcatergorySearchResult(SubCategory.java:141)
at testScript.SubCategory_Test.verifySearchingExistingSubcategoryFromTheList(SubCategory_Test.java:52)
at java.base/jdk.internal.reflect.NativeMethodAccessorImpl.invoke0(Native Method)
at java.base/jdk.internal.reflect.NativeMethodAccessorImpl.invoke(NativeMethodAccessorImpl.java:77)
at java.base/jdk.internal.reflect.DelegatingMethodAccessorImpl.invoke(DelegatingMethodAccessorImpl.java:43)
at java.base/java.lang.reflect.Method.invoke(Method.java:569)
at org.testng.internal.invokers.MethodInvocationHelper.invokeMethod(MethodInvocationHelper.java:141)
at org.testng.internal.invokers.TestInvoker.invokeMethod(TestInvoker.java:687)
at org.testng.internal.invokers.TestInvoker.invokeTestMethod(TestInvoker.java:230)
at org.testng.internal.invokers.MethodRunner.runInSequence(MethodRunner.java:63)
at org.testng.internal.invokers.TestInvoker$MethodInvocationAgent.invoke(TestInvoker.java:995)
at org.testng.internal.invokers.TestInvoker.invokeTestMethods(TestInvoker.java:203)
at org.testng.internal.invokers.TestMethodWorker.invokeTestMethods(TestMethodWorker.java:154)
at org.testng.internal.invokers.TestMethodWorker.run(TestMethodWorker.java:134)
at java.base/java.util.ArrayList.forEach(ArrayList.java:1511)
at org.testng.TestRunner.privateRun(TestRunner.java:741)
at org.testng.TestRunner.run(TestRunner.java:616)
at org.testng.SuiteRunner.runTest(SuiteRunner.java:421)
at org.testng.SuiteRunner.runSequentially(SuiteRunner.java:413)
at org.testng.SuiteRunner.privateRun(SuiteRunner.java:373)
at org.testng.SuiteRunner.run(SuiteRunner.java:312)
at org.testng.SuiteRunnerWorker.runSuite(SuiteRunnerWorker.java:52)
at org.testng.SuiteRunnerWorker.run(SuiteRunnerWorker.java:95)
at org.testng.TestNG.runSuitesSequentially(TestNG.java:1274)
at org.testng.TestNG.runSuitesLocally(TestNG.java:1208)
at org.testng.TestNG.runSuites(TestNG.java:1112)
at org.testng.TestNG.run(TestNG.java:1079)
at org.testng.remote.AbstractRemoteTestNG.run(AbstractRemoteTestNG.java:115)
at org.testng.remote.RemoteTestNG.initAndRun(RemoteTestNG.java:293)
at org.testng.remote.RemoteTestNG.main(RemoteTestNG.java:91)
]]>
            </full-stacktrace>
          </exception> <!-- org.openqa.selenium.StaleElementReferenceException -->
          <reporter-output>
          </reporter-output>
        </test-method> <!-- verifySearchingExistingSubcategoryFromTheList -->
        <test-method is-config="true" signature="driverQuitMethod(org.testng.ITestResult)[pri:0, instance:testScript.SubCategory_Test@536f2a7e]" started-at="2025-05-06T13:31:47 IST" name="driverQuitMethod" finished-at="2025-05-06T13:31:47 IST" duration-ms="72" status="PASS">
          <params>
            <param index="0">
              <value>
                <![CDATA[[TestResult name=verifySearchingExistingSubcategoryFromTheList status=SKIP method=SubCategory_Test.verifySearchingExistingSubcategoryFromTheList()[pri:0, instance:testScript.SubCategory_Test@536f2a7e] output={null}]]]>
              </value>
            </param>
          </params>
          <reporter-output>
          </reporter-output>
        </test-method> <!-- driverQuitMethod -->
        <test-method is-config="true" signature="initializeBrowserMethod(java.lang.String)[pri:0, instance:testScript.SubCategory_Test@536f2a7e]" started-at="2025-05-06T13:31:47 IST" name="initializeBrowserMethod" finished-at="2025-05-06T13:31:48 IST" duration-ms="1033" status="PASS">
          <params>
            <param index="0">
              <value>
                <![CDATA[Chrome]]>
              </value>
            </param>
          </params>
          <reporter-output>
          </reporter-output>
        </test-method> <!-- initializeBrowserMethod -->
        <test-method retried="true" signature="verifySearchingExistingSubcategoryFromTheList()[pri:0, instance:testScript.SubCategory_Test@536f2a7e]" started-at="2025-05-06T13:31:48 IST" name="verifySearchingExistingSubcategoryFromTheList" finished-at="2025-05-06T13:31:50 IST" duration-ms="1538" status="SKIP">
          <exception class="org.openqa.selenium.StaleElementReferenceException">
            <message>
              <![CDATA[stale element reference: stale element not found
  (Session info: chrome=134.0.6998.88)
For documentation on this error, please visit: https://www.selenium.dev/documentation/webdriver/troubleshooting/errors#stale-element-reference-exception
Build info: version: '4.29.0', revision: '5fc1ec94cb'
System info: os.name: 'Linux', os.arch: 'amd64', os.version: '6.8.0-58-generic', java.version: '17.0.14'
Driver info: org.openqa.selenium.chrome.ChromeDriver
Command: [fcab0ac14c592665d641c405010a1ecf, getElementText {id=f.6BA3D2C736822BC749FADEE44BD190CF.d.B45E5184FFB3F255305F95C5ACEDF857.e.567}]
Capabilities {acceptInsecureCerts: false, browserName: chrome, browserVersion: 134.0.6998.88, chrome: {chromedriverVersion: 134.0.6998.165 (fd886e2cb29..., userDataDir: /tmp/.org.chromium.Chromium...}, fedcm:accounts: true, goog:chromeOptions: {debuggerAddress: localhost:43519}, networkConnectionEnabled: false, pageLoadStrategy: normal, platformName: linux, proxy: Proxy(), se:cdp: ws://localhost:43519/devtoo..., se:cdpVersion: 134.0.6998.88, setWindowRect: true, strictFileInteractability: false, timeouts: {implicit: 0, pageLoad: 300000, script: 30000}, unhandledPromptBehavior: dismiss and notify, webauthn:extension:credBlob: true, webauthn:extension:largeBlob: true, webauthn:extension:minPinLength: true, webauthn:extension:prf: true, webauthn:virtualAuthenticators: true}
Element: [[ChromeDriver: chrome on linux (fcab0ac14c592665d641c405010a1ecf)] -> xpath: //table[@class='table table-bordered table-hover table-sm']//tbody//tr//td[1]]
Session ID: fcab0ac14c592665d641c405010a1ecf]]>
            </message>
            <full-stacktrace>
              <![CDATA[org.openqa.selenium.StaleElementReferenceException: stale element reference: stale element not found
  (Session info: chrome=134.0.6998.88)
For documentation on this error, please visit: https://www.selenium.dev/documentation/webdriver/troubleshooting/errors#stale-element-reference-exception
Build info: version: '4.29.0', revision: '5fc1ec94cb'
System info: os.name: 'Linux', os.arch: 'amd64', os.version: '6.8.0-58-generic', java.version: '17.0.14'
Driver info: org.openqa.selenium.chrome.ChromeDriver
Command: [fcab0ac14c592665d641c405010a1ecf, getElementText {id=f.6BA3D2C736822BC749FADEE44BD190CF.d.B45E5184FFB3F255305F95C5ACEDF857.e.567}]
Capabilities {acceptInsecureCerts: false, browserName: chrome, browserVersion: 134.0.6998.88, chrome: {chromedriverVersion: 134.0.6998.165 (fd886e2cb29..., userDataDir: /tmp/.org.chromium.Chromium...}, fedcm:accounts: true, goog:chromeOptions: {debuggerAddress: localhost:43519}, networkConnectionEnabled: false, pageLoadStrategy: normal, platformName: linux, proxy: Proxy(), se:cdp: ws://localhost:43519/devtoo..., se:cdpVersion: 134.0.6998.88, setWindowRect: true, strictFileInteractability: false, timeouts: {implicit: 0, pageLoad: 300000, script: 30000}, unhandledPromptBehavior: dismiss and notify, webauthn:extension:credBlob: true, webauthn:extension:largeBlob: true, webauthn:extension:minPinLength: true, webauthn:extension:prf: true, webauthn:virtualAuthenticators: true}
Element: [[ChromeDriver: chrome on linux (fcab0ac14c592665d641c405010a1ecf)] -> xpath: //table[@class='table table-bordered table-hover table-sm']//tbody//tr//td[1]]
Session ID: fcab0ac14c592665d641c405010a1ecf
at java.base/jdk.internal.reflect.NativeConstructorAccessorImpl.newInstance0(Native Method)
at java.base/jdk.internal.reflect.NativeConstructorAccessorImpl.newInstance(NativeConstructorAccessorImpl.java:77)
at java.base/jdk.internal.reflect.DelegatingConstructorAccessorImpl.newInstance(DelegatingConstructorAccessorImpl.java:45)
at java.base/java.lang.reflect.Constructor.newInstanceWithCaller(Constructor.java:500)
at java.base/java.lang.reflect.Constructor.newInstance(Constructor.java:481)
at org.openqa.selenium.remote.ErrorCodec.decode(ErrorCodec.java:167)
at org.openqa.selenium.remote.codec.w3c.W3CHttpResponseCodec.decode(W3CHttpResponseCodec.java:138)
at org.openqa.selenium.remote.codec.w3c.W3CHttpResponseCodec.decode(W3CHttpResponseCodec.java:50)
at org.openqa.selenium.remote.HttpCommandExecutor.execute(HttpCommandExecutor.java:215)
at org.openqa.selenium.remote.service.DriverCommandExecutor.invokeExecute(DriverCommandExecutor.java:216)
at org.openqa.selenium.remote.service.DriverCommandExecutor.execute(DriverCommandExecutor.java:174)
at org.openqa.selenium.remote.RemoteWebDriver.execute(RemoteWebDriver.java:545)
at org.openqa.selenium.remote.RemoteWebElement.execute(RemoteWebElement.java:223)
at org.openqa.selenium.remote.RemoteWebElement.getText(RemoteWebElement.java:191)
at pages.SubCategory.verifySearchResult(SubCategory.java:123)
at pages.SubCategory.verifySubcatergorySearchResult(SubCategory.java:141)
at testScript.SubCategory_Test.verifySearchingExistingSubcategoryFromTheList(SubCategory_Test.java:52)
at java.base/jdk.internal.reflect.NativeMethodAccessorImpl.invoke0(Native Method)
at java.base/jdk.internal.reflect.NativeMethodAccessorImpl.invoke(NativeMethodAccessorImpl.java:77)
at java.base/jdk.internal.reflect.DelegatingMethodAccessorImpl.invoke(DelegatingMethodAccessorImpl.java:43)
at java.base/java.lang.reflect.Method.invoke(Method.java:569)
at org.testng.internal.invokers.MethodInvocationHelper.invokeMethod(MethodInvocationHelper.java:141)
at org.testng.internal.invokers.TestInvoker.invokeMethod(TestInvoker.java:687)
at org.testng.internal.invokers.TestInvoker.retryFailed(TestInvoker.java:269)
at org.testng.internal.invokers.MethodRunner.runInSequence(MethodRunner.java:76)
at org.testng.internal.invokers.TestInvoker$MethodInvocationAgent.invoke(TestInvoker.java:995)
at org.testng.internal.invokers.TestInvoker.invokeTestMethods(TestInvoker.java:203)
at org.testng.internal.invokers.TestMethodWorker.invokeTestMethods(TestMethodWorker.java:154)
at org.testng.internal.invokers.TestMethodWorker.run(TestMethodWorker.java:134)
at java.base/java.util.ArrayList.forEach(ArrayList.java:1511)
at org.testng.TestRunner.privateRun(TestRunner.java:741)
at org.testng.TestRunner.run(TestRunner.java:616)
at org.testng.SuiteRunner.runTest(SuiteRunner.java:421)
at org.testng.SuiteRunner.runSequentially(SuiteRunner.java:413)
at org.testng.SuiteRunner.privateRun(SuiteRunner.java:373)
at org.testng.SuiteRunner.run(SuiteRunner.java:312)
at org.testng.SuiteRunnerWorker.runSuite(SuiteRunnerWorker.java:52)
at org.testng.SuiteRunnerWorker.run(SuiteRunnerWorker.java:95)
at org.testng.TestNG.runSuitesSequentially(TestNG.java:1274)
at org.testng.TestNG.runSuitesLocally(TestNG.java:1208)
at org.testng.TestNG.runSuites(TestNG.java:1112)
at org.testng.TestNG.run(TestNG.java:1079)
at org.testng.remote.AbstractRemoteTestNG.run(AbstractRemoteTestNG.java:115)
at org.testng.remote.RemoteTestNG.initAndRun(RemoteTestNG.java:293)
at org.testng.remote.RemoteTestNG.main(RemoteTestNG.java:91)
]]>
            </full-stacktrace>
          </exception> <!-- org.openqa.selenium.StaleElementReferenceException -->
          <reporter-output>
          </reporter-output>
        </test-method> <!-- verifySearchingExistingSubcategoryFromTheList -->
        <test-method is-config="true" signature="driverQuitMethod(org.testng.ITestResult)[pri:0, instance:testScript.SubCategory_Test@536f2a7e]" started-at="2025-05-06T13:31:50 IST" name="driverQuitMethod" finished-at="2025-05-06T13:31:50 IST" duration-ms="73" status="PASS">
          <params>
            <param index="0">
              <value>
                <![CDATA[[TestResult name=verifySearchingExistingSubcategoryFromTheList status=SKIP method=SubCategory_Test.verifySearchingExistingSubcategoryFromTheList()[pri:0, instance:testScript.SubCategory_Test@536f2a7e] output={null}]]]>
              </value>
            </param>
          </params>
          <reporter-output>
          </reporter-output>
        </test-method> <!-- driverQuitMethod -->
        <test-method is-config="true" signature="initializeBrowserMethod(java.lang.String)[pri:0, instance:testScript.SubCategory_Test@536f2a7e]" started-at="2025-05-06T13:31:50 IST" name="initializeBrowserMethod" finished-at="2025-05-06T13:31:51 IST" duration-ms="932" status="PASS">
          <params>
            <param index="0">
              <value>
                <![CDATA[Chrome]]>
              </value>
            </param>
          </params>
          <reporter-output>
          </reporter-output>
        </test-method> <!-- initializeBrowserMethod -->
        <test-method signature="verifySearchingExistingSubcategoryFromTheList()[pri:0, instance:testScript.SubCategory_Test@536f2a7e]" started-at="2025-05-06T13:31:51 IST" name="verifySearchingExistingSubcategoryFromTheList" finished-at="2025-05-06T13:31:52 IST" duration-ms="1530" status="PASS">
          <reporter-output>
          </reporter-output>
        </test-method> <!-- verifySearchingExistingSubcategoryFromTheList -->
        <test-method is-config="true" signature="driverQuitMethod(org.testng.ITestResult)[pri:0, instance:testScript.SubCategory_Test@536f2a7e]" started-at="2025-05-06T13:31:52 IST" name="driverQuitMethod" finished-at="2025-05-06T13:31:52 IST" duration-ms="72" status="PASS">
          <params>
            <param index="0">
              <value>
                <![CDATA[[TestResult name=verifySearchingExistingSubcategoryFromTheList status=SUCCESS method=SubCategory_Test.verifySearchingExistingSubcategoryFromTheList()[pri:0, instance:testScript.SubCategory_Test@536f2a7e] output={null}]]]>
              </value>
            </param>
          </params>
          <reporter-output>
          </reporter-output>
        </test-method> <!-- driverQuitMethod -->
      </class> <!-- testScript.SubCategory_Test -->
      <class name="testScript.Admin_Users">
        <test-method is-config="true" signature="initializeBrowserMethod(java.lang.String)[pri:0, instance:testScript.Admin_Users@5a59ca5e]" started-at="2025-05-06T13:32:03 IST" name="initializeBrowserMethod" finished-at="2025-05-06T13:32:04 IST" duration-ms="914" status="PASS">
          <params>
            <param index="0">
              <value>
                <![CDATA[Chrome]]>
              </value>
            </param>
          </params>
          <reporter-output>
          </reporter-output>
        </test-method> <!-- initializeBrowserMethod -->
        <test-method signature="verifyAddingNewUserWithValidDetails()[pri:0, instance:testScript.Admin_Users@5a59ca5e]" started-at="2025-05-06T13:32:04 IST" name="verifyAddingNewUserWithValidDetails" finished-at="2025-05-06T13:32:05 IST" duration-ms="1374" status="PASS">
          <reporter-output>
          </reporter-output>
        </test-method> <!-- verifyAddingNewUserWithValidDetails -->
        <test-method is-config="true" signature="driverQuitMethod(org.testng.ITestResult)[pri:0, instance:testScript.Admin_Users@5a59ca5e]" started-at="2025-05-06T13:32:05 IST" name="driverQuitMethod" finished-at="2025-05-06T13:32:05 IST" duration-ms="71" status="PASS">
          <params>
            <param index="0">
              <value>
                <![CDATA[[TestResult name=verifyAddingNewUserWithValidDetails status=SUCCESS method=Admin_Users.verifyAddingNewUserWithValidDetails()[pri:0, instance:testScript.Admin_Users@5a59ca5e] output={null}]]]>
              </value>
            </param>
          </params>
          <reporter-output>
          </reporter-output>
        </test-method> <!-- driverQuitMethod -->
      </class> <!-- testScript.Admin_Users -->
    </test> <!-- myTest -->
  </suite> <!-- myTestSuite -->
</testng-results>
